2024/04/22 03:43:07 [notice] 1#1: using the "epoll" event method
2024/04/22 03:43:07 [notice] 1#1: nginx/1.25.5
2024/04/22 03:43:07 [notice] 1#1: built by gcc 13.2.1 20231014 (Alpine 13.2.1_git20231014) 
2024/04/22 03:43:07 [notice] 1#1: OS: Linux 5.15.146.1-microsoft-standard-WSL2
2024/04/22 03:43:07 [notice] 1#1: getrlimit(RLIMIT_NOFILE): 1048576:1048576
2024/04/22 03:43:07 [notice] 1#1: start worker processes
2024/04/22 03:43:07 [notice] 1#1: start worker process 29
2024/04/22 03:43:07 [notice] 1#1: start worker process 30
2024/04/22 03:43:07 [notice] 1#1: start worker process 31
2024/04/22 03:43:07 [notice] 1#1: start worker process 32
2024/04/22 03:43:07 [notice] 1#1: start worker process 33
2024/04/22 03:43:07 [notice] 1#1: start worker process 34
2024/04/22 03:43:07 [notice] 1#1: start worker process 35
2024/04/22 03:43:07 [notice] 1#1: start worker process 36
2024/04/22 03:46:07 [notice] 1#1: signal 3 (SIGQUIT) received, shutting down
2024/04/22 03:46:07 [notice] 29#29: gracefully shutting down
2024/04/22 03:46:07 [notice] 31#31: gracefully shutting down
2024/04/22 03:46:07 [notice] 30#30: gracefully shutting down
2024/04/22 03:46:07 [notice] 33#33: gracefully shutting down
2024/04/22 03:46:07 [notice] 33#33: exiting
2024/04/22 03:46:07 [notice] 32#32: gracefully shutting down
2024/04/22 03:46:07 [notice] 32#32: exiting
2024/04/22 03:46:07 [notice] 34#34: gracefully shutting down
2024/04/22 03:46:07 [notice] 36#36: gracefully shutting down
2024/04/22 03:46:07 [notice] 36#36: exiting
2024/04/22 03:46:07 [notice] 35#35: gracefully shutting down
2024/04/22 03:46:07 [notice] 29#29: exiting
2024/04/22 03:46:07 [notice] 31#31: exiting
2024/04/22 03:46:07 [notice] 30#30: exiting
2024/04/22 03:46:07 [notice] 33#33: exit
2024/04/22 03:46:07 [notice] 32#32: exit
2024/04/22 03:46:07 [notice] 34#34: exiting
2024/04/22 03:46:07 [notice] 36#36: exit
2024/04/22 03:46:07 [notice] 35#35: exiting
2024/04/22 03:46:07 [notice] 29#29: exit
2024/04/22 03:46:07 [notice] 31#31: exit
2024/04/22 03:46:07 [notice] 30#30: exit
2024/04/22 03:46:07 [notice] 34#34: exit
2024/04/22 03:46:07 [notice] 35#35: exit
2024/04/22 03:46:07 [notice] 1#1: signal 17 (SIGCHLD) received from 34
2024/04/22 03:46:07 [notice] 1#1: worker process 34 exited with code 0
2024/04/22 03:46:07 [notice] 1#1: signal 29 (SIGIO) received
2024/04/22 03:46:07 [notice] 1#1: signal 17 (SIGCHLD) received from 31
2024/04/22 03:46:07 [notice] 1#1: worker process 31 exited with code 0
2024/04/22 03:46:07 [notice] 1#1: worker process 35 exited with code 0
2024/04/22 03:46:07 [notice] 1#1: signal 29 (SIGIO) received
2024/04/22 03:46:07 [notice] 1#1: signal 17 (SIGCHLD) received from 33
2024/04/22 03:46:07 [notice] 1#1: worker process 29 exited with code 0
2024/04/22 03:46:07 [notice] 1#1: worker process 33 exited with code 0
2024/04/22 03:46:07 [notice] 1#1: signal 29 (SIGIO) received
2024/04/22 03:46:07 [notice] 1#1: signal 17 (SIGCHLD) received from 29
2024/04/22 03:46:07 [notice] 1#1: signal 17 (SIGCHLD) received from 36
2024/04/22 03:46:07 [notice] 1#1: worker process 36 exited with code 0
2024/04/22 03:46:07 [notice] 1#1: signal 29 (SIGIO) received
2024/04/22 03:46:07 [notice] 1#1: signal 17 (SIGCHLD) received from 32
2024/04/22 03:46:07 [notice] 1#1: worker process 30 exited with code 0
2024/04/22 03:46:07 [notice] 1#1: worker process 32 exited with code 0
2024/04/22 03:46:07 [notice] 1#1: exit
2024/04/22 03:52:10 [notice] 1#1: using the "epoll" event method
2024/04/22 03:52:10 [notice] 1#1: nginx/1.25.5
2024/04/22 03:52:10 [notice] 1#1: built by gcc 13.2.1 20231014 (Alpine 13.2.1_git20231014) 
2024/04/22 03:52:10 [notice] 1#1: OS: Linux 5.15.146.1-microsoft-standard-WSL2
2024/04/22 03:52:10 [notice] 1#1: getrlimit(RLIMIT_NOFILE): 1048576:1048576
2024/04/22 03:52:10 [notice] 1#1: start worker processes
2024/04/22 03:52:10 [notice] 1#1: start worker process 29
2024/04/22 03:52:10 [notice] 1#1: start worker process 30
2024/04/22 03:52:10 [notice] 1#1: start worker process 31
2024/04/22 03:52:10 [notice] 1#1: start worker process 32
2024/04/22 03:52:10 [notice] 1#1: start worker process 33
2024/04/22 03:52:10 [notice] 1#1: start worker process 34
2024/04/22 03:52:10 [notice] 1#1: start worker process 35
2024/04/22 03:52:10 [notice] 1#1: start worker process 36
2024/04/22 03:52:15 [error] 29#29: *1 directory index of "/var/www/html/" is forbidden, client: 172.23.0.1, server: , request: "GET / HTTP/1.1", host: "localhost:8080"
2024/04/22 03:52:36 [notice] 1#1: signal 3 (SIGQUIT) received, shutting down
2024/04/22 03:52:36 [notice] 29#29: gracefully shutting down
2024/04/22 03:52:36 [notice] 30#30: gracefully shutting down
2024/04/22 03:52:36 [notice] 31#31: gracefully shutting down
2024/04/22 03:52:36 [notice] 32#32: gracefully shutting down
2024/04/22 03:52:36 [notice] 32#32: exiting
2024/04/22 03:52:36 [notice] 34#34: gracefully shutting down
2024/04/22 03:52:36 [notice] 34#34: exiting
2024/04/22 03:52:36 [notice] 33#33: gracefully shutting down
2024/04/22 03:52:36 [notice] 33#33: exiting
2024/04/22 03:52:36 [notice] 36#36: gracefully shutting down
2024/04/22 03:52:36 [notice] 35#35: gracefully shutting down
2024/04/22 03:52:36 [notice] 29#29: exiting
2024/04/22 03:52:36 [notice] 29#29: exit
2024/04/22 03:52:36 [notice] 31#31: exiting
2024/04/22 03:52:36 [notice] 32#32: exit
2024/04/22 03:52:36 [notice] 34#34: exit
2024/04/22 03:52:36 [notice] 33#33: exit
2024/04/22 03:52:36 [notice] 36#36: exiting
2024/04/22 03:52:36 [notice] 35#35: exiting
2024/04/22 03:52:36 [notice] 36#36: exit
2024/04/22 03:52:36 [notice] 31#31: exit
2024/04/22 03:52:36 [notice] 35#35: exit
2024/04/22 03:52:36 [notice] 1#1: signal 17 (SIGCHLD) received from 29
2024/04/22 03:52:36 [notice] 1#1: worker process 29 exited with code 0
2024/04/22 03:52:36 [notice] 1#1: worker process 32 exited with code 0
2024/04/22 03:52:36 [notice] 1#1: worker process 33 exited with code 0
2024/04/22 03:52:36 [notice] 1#1: worker process 35 exited with code 0
2024/04/22 03:52:36 [notice] 1#1: signal 29 (SIGIO) received
2024/04/22 03:52:36 [notice] 1#1: signal 17 (SIGCHLD) received from 32
2024/04/22 03:52:36 [notice] 1#1: signal 17 (SIGCHLD) received from 34
2024/04/22 03:52:36 [notice] 1#1: worker process 34 exited with code 0
2024/04/22 03:52:36 [notice] 1#1: worker process 36 exited with code 0
2024/04/22 03:52:36 [notice] 1#1: signal 29 (SIGIO) received
2024/04/22 03:52:36 [notice] 1#1: signal 17 (SIGCHLD) received from 31
2024/04/22 03:52:36 [notice] 1#1: worker process 31 exited with code 0
2024/04/22 03:52:36 [notice] 1#1: signal 29 (SIGIO) received
2024/04/22 03:52:54 [notice] 1#1: using the "epoll" event method
2024/04/22 03:52:54 [notice] 1#1: nginx/1.25.5
2024/04/22 03:52:54 [notice] 1#1: built by gcc 13.2.1 20231014 (Alpine 13.2.1_git20231014) 
2024/04/22 03:52:54 [notice] 1#1: OS: Linux 5.15.146.1-microsoft-standard-WSL2
2024/04/22 03:52:54 [notice] 1#1: getrlimit(RLIMIT_NOFILE): 1048576:1048576
2024/04/22 03:52:54 [notice] 1#1: start worker processes
2024/04/22 03:52:54 [notice] 1#1: start worker process 29
2024/04/22 03:52:54 [notice] 1#1: start worker process 30
2024/04/22 03:52:54 [notice] 1#1: start worker process 31
2024/04/22 03:52:54 [notice] 1#1: start worker process 32
2024/04/22 03:52:54 [notice] 1#1: start worker process 33
2024/04/22 03:52:54 [notice] 1#1: start worker process 34
2024/04/22 03:52:54 [notice] 1#1: start worker process 35
2024/04/22 03:52:54 [notice] 1#1: start worker process 36
2024/04/22 03:52:59 [error] 29#29: *1 directory index of "/var/www/html/" is forbidden, client: 172.23.0.1, server: , request: "GET / HTTP/1.1", host: "localhost:8080"
2024/04/22 03:53:01 [error] 29#29: *1 directory index of "/var/www/html/" is forbidden, client: 172.23.0.1, server: , request: "GET / HTTP/1.1", host: "localhost:8080"
2024/04/22 03:53:12 [error] 29#29: *1 directory index of "/var/www/html/" is forbidden, client: 172.23.0.1, server: , request: "GET / HTTP/1.1", host: "localhost:8080"
2024/04/22 03:53:15 [error] 29#29: *1 directory index of "/var/www/html/" is forbidden, client: 172.23.0.1, server: , request: "GET / HTTP/1.1", host: "localhost:8080"
2024/04/22 03:53:18 [notice] 1#1: signal 3 (SIGQUIT) received, shutting down
2024/04/22 03:53:18 [notice] 29#29: gracefully shutting down
2024/04/22 03:53:18 [notice] 30#30: gracefully shutting down
2024/04/22 03:53:18 [notice] 31#31: gracefully shutting down
2024/04/22 03:53:18 [notice] 32#32: gracefully shutting down
2024/04/22 03:53:18 [notice] 33#33: gracefully shutting down
2024/04/22 03:53:18 [notice] 33#33: exiting
2024/04/22 03:53:18 [notice] 34#34: gracefully shutting down
2024/04/22 03:53:18 [notice] 34#34: exiting
2024/04/22 03:53:18 [notice] 35#35: gracefully shutting down
2024/04/22 03:53:18 [notice] 36#36: gracefully shutting down
2024/04/22 03:53:18 [notice] 29#29: exiting
2024/04/22 03:53:18 [notice] 31#31: exiting
2024/04/22 03:53:18 [notice] 32#32: exiting
2024/04/22 03:53:18 [notice] 33#33: exit
2024/04/22 03:53:18 [notice] 34#34: exit
2024/04/22 03:53:18 [notice] 35#35: exiting
2024/04/22 03:53:18 [notice] 36#36: exiting
2024/04/22 03:53:18 [notice] 29#29: exit
2024/04/22 03:53:18 [notice] 31#31: exit
2024/04/22 03:53:18 [notice] 32#32: exit
2024/04/22 03:53:18 [notice] 35#35: exit
2024/04/22 03:53:18 [notice] 36#36: exit
2024/04/22 03:53:18 [notice] 1#1: signal 17 (SIGCHLD) received from 33
2024/04/22 03:53:18 [notice] 1#1: worker process 33 exited with code 0
2024/04/22 03:53:18 [notice] 1#1: signal 29 (SIGIO) received
2024/04/22 03:53:18 [notice] 1#1: signal 17 (SIGCHLD) received from 35
2024/04/22 03:53:18 [notice] 1#1: worker process 31 exited with code 0
2024/04/22 03:53:18 [notice] 1#1: worker process 34 exited with code 0
2024/04/22 03:53:18 [notice] 1#1: worker process 35 exited with code 0
2024/04/22 03:53:18 [notice] 1#1: signal 29 (SIGIO) received
2024/04/22 03:53:18 [notice] 1#1: signal 17 (SIGCHLD) received from 36
2024/04/22 03:53:18 [notice] 1#1: worker process 32 exited with code 0
2024/04/22 03:53:18 [notice] 1#1: worker process 36 exited with code 0
2024/04/22 03:53:18 [notice] 1#1: signal 29 (SIGIO) received
2024/04/22 03:53:18 [notice] 1#1: signal 17 (SIGCHLD) received from 29
2024/04/22 03:53:18 [notice] 1#1: worker process 29 exited with code 0
2024/04/22 03:53:18 [notice] 1#1: signal 29 (SIGIO) received
2024/04/22 03:53:37 [notice] 1#1: using the "epoll" event method
2024/04/22 03:53:37 [notice] 1#1: nginx/1.25.5
2024/04/22 03:53:37 [notice] 1#1: built by gcc 13.2.1 20231014 (Alpine 13.2.1_git20231014) 
2024/04/22 03:53:37 [notice] 1#1: OS: Linux 5.15.146.1-microsoft-standard-WSL2
2024/04/22 03:53:37 [notice] 1#1: getrlimit(RLIMIT_NOFILE): 1048576:1048576
2024/04/22 03:53:37 [notice] 1#1: start worker processes
2024/04/22 03:53:37 [notice] 1#1: start worker process 29
2024/04/22 03:53:37 [notice] 1#1: start worker process 30
2024/04/22 03:53:37 [notice] 1#1: start worker process 31
2024/04/22 03:53:37 [notice] 1#1: start worker process 32
2024/04/22 03:53:37 [notice] 1#1: start worker process 33
2024/04/22 03:53:37 [notice] 1#1: start worker process 34
2024/04/22 03:53:37 [notice] 1#1: start worker process 35
2024/04/22 03:53:37 [notice] 1#1: start worker process 36
2024/04/22 03:53:53 [notice] 1#1: signal 3 (SIGQUIT) received, shutting down
2024/04/22 03:53:53 [notice] 29#29: gracefully shutting down
2024/04/22 03:53:53 [notice] 31#31: gracefully shutting down
2024/04/22 03:53:53 [notice] 31#31: exiting
2024/04/22 03:53:53 [notice] 32#32: gracefully shutting down
2024/04/22 03:53:53 [notice] 32#32: exiting
2024/04/22 03:53:53 [notice] 34#34: gracefully shutting down
2024/04/22 03:53:53 [notice] 34#34: exiting
2024/04/22 03:53:53 [notice] 33#33: gracefully shutting down
2024/04/22 03:53:53 [notice] 33#33: exiting
2024/04/22 03:53:53 [notice] 35#35: gracefully shutting down
2024/04/22 03:53:53 [notice] 36#36: gracefully shutting down
2024/04/22 03:53:53 [notice] 30#30: gracefully shutting down
2024/04/22 03:53:53 [notice] 29#29: exiting
2024/04/22 03:53:53 [notice] 31#31: exit
2024/04/22 03:53:53 [notice] 32#32: exit
2024/04/22 03:53:53 [notice] 34#34: exit
2024/04/22 03:53:53 [notice] 33#33: exit
2024/04/22 03:53:53 [notice] 35#35: exiting
2024/04/22 03:53:53 [notice] 36#36: exiting
2024/04/22 03:53:53 [notice] 29#29: exit
2024/04/22 03:53:53 [notice] 35#35: exit
2024/04/22 03:53:53 [notice] 36#36: exit
2024/04/22 03:53:53 [notice] 1#1: signal 17 (SIGCHLD) received from 34
2024/04/22 03:53:53 [notice] 1#1: worker process 29 exited with code 0
2024/04/22 03:53:53 [notice] 1#1: worker process 31 exited with code 0
2024/04/22 03:53:53 [notice] 1#1: worker process 34 exited with code 0
2024/04/22 03:53:53 [notice] 1#1: signal 29 (SIGIO) received
2024/04/22 03:53:53 [notice] 1#1: signal 17 (SIGCHLD) received from 32
2024/04/22 03:53:53 [notice] 1#1: worker process 32 exited with code 0
2024/04/22 03:53:53 [notice] 1#1: signal 29 (SIGIO) received
2024/04/22 03:53:53 [notice] 1#1: signal 17 (SIGCHLD) received from 35
2024/04/22 03:53:53 [notice] 1#1: worker process 35 exited with code 0
2024/04/22 03:53:53 [notice] 1#1: signal 29 (SIGIO) received
2024/04/22 03:53:53 [notice] 1#1: signal 17 (SIGCHLD) received from 36
2024/04/22 03:53:53 [notice] 1#1: worker process 36 exited with code 0
2024/04/22 03:53:53 [notice] 1#1: signal 29 (SIGIO) received
2024/04/22 03:53:53 [notice] 1#1: signal 17 (SIGCHLD) received from 33
2024/04/22 03:53:53 [notice] 1#1: worker process 33 exited with code 0
2024/04/22 03:53:53 [notice] 1#1: signal 29 (SIGIO) received
2024/04/22 03:54:09 [notice] 1#1: using the "epoll" event method
2024/04/22 03:54:09 [notice] 1#1: nginx/1.25.5
2024/04/22 03:54:09 [notice] 1#1: built by gcc 13.2.1 20231014 (Alpine 13.2.1_git20231014) 
2024/04/22 03:54:09 [notice] 1#1: OS: Linux 5.15.146.1-microsoft-standard-WSL2
2024/04/22 03:54:09 [notice] 1#1: getrlimit(RLIMIT_NOFILE): 1048576:1048576
2024/04/22 03:54:09 [notice] 1#1: start worker processes
2024/04/22 03:54:09 [notice] 1#1: start worker process 30
2024/04/22 03:54:09 [notice] 1#1: start worker process 31
2024/04/22 03:54:09 [notice] 1#1: start worker process 32
2024/04/22 03:54:09 [notice] 1#1: start worker process 33
2024/04/22 03:54:09 [notice] 1#1: start worker process 34
2024/04/22 03:54:09 [notice] 1#1: start worker process 35
2024/04/22 03:54:09 [notice] 1#1: start worker process 36
2024/04/22 03:54:09 [notice] 1#1: start worker process 37
2024/04/22 03:57:13 [notice] 1#1: signal 3 (SIGQUIT) received, shutting down
2024/04/22 03:57:13 [notice] 30#30: gracefully shutting down
2024/04/22 03:57:13 [notice] 36#36: gracefully shutting down
2024/04/22 03:57:13 [notice] 31#31: gracefully shutting down
2024/04/22 03:57:13 [notice] 35#35: gracefully shutting down
2024/04/22 03:57:13 [notice] 37#37: gracefully shutting down
2024/04/22 03:57:13 [notice] 37#37: exiting
2024/04/22 03:57:13 [notice] 33#33: gracefully shutting down
2024/04/22 03:57:13 [notice] 33#33: exiting
2024/04/22 03:57:13 [notice] 32#32: gracefully shutting down
2024/04/22 03:57:13 [notice] 34#34: gracefully shutting down
2024/04/22 03:57:13 [notice] 30#30: exiting
2024/04/22 03:57:13 [notice] 36#36: exiting
2024/04/22 03:57:13 [notice] 36#36: exit
2024/04/22 03:57:13 [notice] 31#31: exiting
2024/04/22 03:57:13 [notice] 35#35: exiting
2024/04/22 03:57:13 [notice] 37#37: exit
2024/04/22 03:57:13 [notice] 33#33: exit
2024/04/22 03:57:13 [notice] 32#32: exiting
2024/04/22 03:57:13 [notice] 34#34: exiting
2024/04/22 03:57:13 [notice] 30#30: exit
2024/04/22 03:57:13 [notice] 31#31: exit
2024/04/22 03:57:13 [notice] 35#35: exit
2024/04/22 03:57:13 [notice] 32#32: exit
2024/04/22 03:57:13 [notice] 34#34: exit
2024/04/22 03:57:13 [notice] 1#1: signal 17 (SIGCHLD) received from 36
2024/04/22 03:57:13 [notice] 1#1: worker process 33 exited with code 0
2024/04/22 03:57:13 [notice] 1#1: worker process 36 exited with code 0
2024/04/22 03:57:13 [notice] 1#1: signal 29 (SIGIO) received
2024/04/22 03:57:13 [notice] 1#1: signal 17 (SIGCHLD) received from 37
2024/04/22 03:57:13 [notice] 1#1: worker process 30 exited with code 0
2024/04/22 03:57:13 [notice] 1#1: worker process 32 exited with code 0
2024/04/22 03:57:13 [notice] 1#1: worker process 34 exited with code 0
2024/04/22 03:57:13 [notice] 1#1: worker process 37 exited with code 0
2024/04/22 03:57:13 [notice] 1#1: signal 29 (SIGIO) received
2024/04/22 03:57:13 [notice] 1#1: signal 17 (SIGCHLD) received from 32
2024/04/22 03:57:13 [notice] 1#1: signal 17 (SIGCHLD) received from 31
2024/04/22 03:57:13 [notice] 1#1: worker process 31 exited with code 0
2024/04/22 03:57:13 [notice] 1#1: worker process 35 exited with code 0
2024/04/22 03:57:13 [notice] 1#1: exit
2024/04/22 10:43:55 [notice] 1#1: using the "epoll" event method
2024/04/22 10:43:55 [notice] 1#1: nginx/1.25.5
2024/04/22 10:43:55 [notice] 1#1: built by gcc 13.2.1 20231014 (Alpine 13.2.1_git20231014) 
2024/04/22 10:43:55 [notice] 1#1: OS: Linux 5.15.146.1-microsoft-standard-WSL2
2024/04/22 10:43:55 [notice] 1#1: getrlimit(RLIMIT_NOFILE): 1048576:1048576
2024/04/22 10:43:55 [notice] 1#1: start worker processes
2024/04/22 10:43:55 [notice] 1#1: start worker process 29
2024/04/22 10:43:55 [notice] 1#1: start worker process 30
2024/04/22 10:43:55 [notice] 1#1: start worker process 31
2024/04/22 10:43:55 [notice] 1#1: start worker process 32
2024/04/22 10:43:55 [notice] 1#1: start worker process 33
2024/04/22 10:43:55 [notice] 1#1: start worker process 34
2024/04/22 10:43:55 [notice] 1#1: start worker process 35
2024/04/22 10:43:55 [notice] 1#1: start worker process 36
2024/04/22 10:44:11 [error] 29#29: *1 directory index of "/var/www/html/" is forbidden, client: 172.23.0.1, server: , request: "GET / HTTP/1.1", host: "localhost:8080"
2024/04/22 10:44:11 [error] 29#29: *1 directory index of "/var/www/html/" is forbidden, client: 172.23.0.1, server: , request: "GET / HTTP/1.1", host: "localhost:8080"
2024/04/22 10:44:11 [error] 29#29: *1 open() "/var/www/html/favicon.ico" failed (2: No such file or directory), client: 172.23.0.1, server: , request: "GET /favicon.ico HTTP/1.1", host: "localhost:8080", referrer: "http://localhost:8080/"
2024/04/22 10:45:16 [notice] 1#1: signal 3 (SIGQUIT) received, shutting down
2024/04/22 10:45:16 [notice] 32#32: gracefully shutting down
2024/04/22 10:45:16 [notice] 30#30: gracefully shutting down
2024/04/22 10:45:16 [notice] 30#30: exiting
2024/04/22 10:45:16 [notice] 31#31: gracefully shutting down
2024/04/22 10:45:16 [notice] 30#30: exit
2024/04/22 10:45:16 [notice] 29#29: gracefully shutting down
2024/04/22 10:45:16 [notice] 33#33: gracefully shutting down
2024/04/22 10:45:16 [notice] 33#33: exiting
2024/04/22 10:45:16 [notice] 35#35: gracefully shutting down
2024/04/22 10:45:16 [notice] 34#34: gracefully shutting down
2024/04/22 10:45:16 [notice] 36#36: gracefully shutting down
2024/04/22 10:45:16 [notice] 32#32: exiting
2024/04/22 10:45:16 [notice] 31#31: exiting
2024/04/22 10:45:16 [notice] 29#29: exiting
2024/04/22 10:45:16 [notice] 33#33: exit
2024/04/22 10:45:16 [notice] 35#35: exiting
2024/04/22 10:45:16 [notice] 34#34: exiting
2024/04/22 10:45:16 [notice] 36#36: exiting
2024/04/22 10:45:16 [notice] 32#32: exit
2024/04/22 10:45:16 [notice] 31#31: exit
2024/04/22 10:45:16 [notice] 29#29: exit
2024/04/22 10:45:16 [notice] 35#35: exit
2024/04/22 10:45:16 [notice] 34#34: exit
2024/04/22 10:45:16 [notice] 36#36: exit
2024/04/22 10:45:16 [notice] 1#1: signal 17 (SIGCHLD) received from 32
2024/04/22 10:45:16 [notice] 1#1: worker process 29 exited with code 0
2024/04/22 10:45:16 [notice] 1#1: worker process 30 exited with code 0
2024/04/22 10:45:16 [notice] 1#1: worker process 32 exited with code 0
2024/04/22 10:45:16 [notice] 1#1: worker process 33 exited with code 0
2024/04/22 10:45:16 [notice] 1#1: signal 29 (SIGIO) received
2024/04/22 10:45:16 [notice] 1#1: signal 17 (SIGCHLD) received from 29
2024/04/22 10:45:16 [notice] 1#1: signal 17 (SIGCHLD) received from 34
2024/04/22 10:45:16 [notice] 1#1: worker process 31 exited with code 0
2024/04/22 10:45:16 [notice] 1#1: worker process 34 exited with code 0
2024/04/22 10:45:16 [notice] 1#1: worker process 35 exited with code 0
2024/04/22 10:45:16 [notice] 1#1: worker process 36 exited with code 0
2024/04/22 10:45:16 [notice] 1#1: exit
2024/04/22 11:00:30 [notice] 1#1: using the "epoll" event method
2024/04/22 11:00:30 [notice] 1#1: nginx/1.25.5
2024/04/22 11:00:30 [notice] 1#1: built by gcc 13.2.1 20231014 (Alpine 13.2.1_git20231014) 
2024/04/22 11:00:30 [notice] 1#1: OS: Linux 5.15.146.1-microsoft-standard-WSL2
2024/04/22 11:00:30 [notice] 1#1: getrlimit(RLIMIT_NOFILE): 1048576:1048576
2024/04/22 11:00:30 [notice] 1#1: start worker processes
2024/04/22 11:00:30 [notice] 1#1: start worker process 29
2024/04/22 11:00:30 [notice] 1#1: start worker process 30
2024/04/22 11:00:30 [notice] 1#1: start worker process 31
2024/04/22 11:00:30 [notice] 1#1: start worker process 32
2024/04/22 11:00:30 [notice] 1#1: start worker process 33
2024/04/22 11:00:30 [notice] 1#1: start worker process 34
2024/04/22 11:00:30 [notice] 1#1: start worker process 35
2024/04/22 11:00:30 [notice] 1#1: start worker process 36
2024/04/22 11:00:37 [error] 29#29: *1 directory index of "/var/www/html/" is forbidden, client: 172.23.0.1, server: , request: "GET / HTTP/1.1", host: "localhost:8080"
2024/04/22 11:00:38 [error] 29#29: *1 directory index of "/var/www/html/" is forbidden, client: 172.23.0.1, server: , request: "GET / HTTP/1.1", host: "localhost:8080"
2024/04/22 11:04:50 [notice] 1#1: signal 3 (SIGQUIT) received, shutting down
2024/04/22 11:04:50 [notice] 29#29: gracefully shutting down
2024/04/22 11:04:50 [notice] 30#30: gracefully shutting down
2024/04/22 11:04:50 [notice] 31#31: gracefully shutting down
2024/04/22 11:04:50 [notice] 33#33: gracefully shutting down
2024/04/22 11:04:50 [notice] 32#32: gracefully shutting down
2024/04/22 11:04:50 [notice] 34#34: gracefully shutting down
2024/04/22 11:04:50 [notice] 35#35: gracefully shutting down
2024/04/22 11:04:50 [notice] 36#36: gracefully shutting down
2024/04/22 11:04:50 [notice] 29#29: exiting
2024/04/22 11:04:50 [notice] 30#30: exiting
2024/04/22 11:04:50 [notice] 31#31: exiting
2024/04/22 11:04:50 [notice] 33#33: exiting
2024/04/22 11:04:50 [notice] 32#32: exiting
2024/04/22 11:04:50 [notice] 34#34: exiting
2024/04/22 11:04:50 [notice] 35#35: exiting
2024/04/22 11:04:50 [notice] 36#36: exiting
2024/04/22 11:04:50 [notice] 29#29: exit
2024/04/22 11:04:50 [notice] 30#30: exit
2024/04/22 11:04:50 [notice] 31#31: exit
2024/04/22 11:04:50 [notice] 33#33: exit
2024/04/22 11:04:50 [notice] 32#32: exit
2024/04/22 11:04:50 [notice] 34#34: exit
2024/04/22 11:04:50 [notice] 35#35: exit
2024/04/22 11:04:50 [notice] 36#36: exit
2024/04/22 11:04:50 [notice] 1#1: signal 17 (SIGCHLD) received from 30
2024/04/22 11:04:50 [notice] 1#1: worker process 30 exited with code 0
2024/04/22 11:04:50 [notice] 1#1: signal 29 (SIGIO) received
2024/04/22 11:04:50 [notice] 1#1: signal 17 (SIGCHLD) received from 35
2024/04/22 11:04:50 [notice] 1#1: worker process 29 exited with code 0
2024/04/22 11:04:50 [notice] 1#1: worker process 31 exited with code 0
2024/04/22 11:04:50 [notice] 1#1: worker process 33 exited with code 0
2024/04/22 11:04:50 [notice] 1#1: worker process 35 exited with code 0
2024/04/22 11:04:50 [notice] 1#1: worker process 36 exited with code 0
2024/04/22 11:04:50 [notice] 1#1: signal 29 (SIGIO) received
2024/04/22 11:04:50 [notice] 1#1: signal 17 (SIGCHLD) received from 34
2024/04/22 11:04:50 [notice] 1#1: worker process 34 exited with code 0
2024/04/22 11:04:50 [notice] 1#1: signal 29 (SIGIO) received
2024/04/22 11:04:50 [notice] 1#1: signal 17 (SIGCHLD) received from 32
2024/04/22 11:04:50 [notice] 1#1: worker process 32 exited with code 0
2024/04/22 11:04:50 [notice] 1#1: exit
2024/04/22 11:05:25 [notice] 1#1: using the "epoll" event method
2024/04/22 11:05:25 [notice] 1#1: nginx/1.25.5
2024/04/22 11:05:25 [notice] 1#1: built by gcc 13.2.1 20231014 (Alpine 13.2.1_git20231014) 
2024/04/22 11:05:25 [notice] 1#1: OS: Linux 5.15.146.1-microsoft-standard-WSL2
2024/04/22 11:05:25 [notice] 1#1: getrlimit(RLIMIT_NOFILE): 1048576:1048576
2024/04/22 11:05:25 [notice] 1#1: start worker processes
2024/04/22 11:05:25 [notice] 1#1: start worker process 30
2024/04/22 11:05:25 [notice] 1#1: start worker process 31
2024/04/22 11:05:25 [notice] 1#1: start worker process 32
2024/04/22 11:05:25 [notice] 1#1: start worker process 33
2024/04/22 11:05:25 [notice] 1#1: start worker process 34
2024/04/22 11:05:25 [notice] 1#1: start worker process 35
2024/04/22 11:05:25 [notice] 1#1: start worker process 36
2024/04/22 11:05:25 [notice] 1#1: start worker process 37
2024/04/22 11:06:16 [error] 30#30: *1 open() "/usr/share/nginx/html/index.php" failed (2: No such file or directory), client: 172.23.0.1, server: localhost, request: "GET /index.php HTTP/1.1", host: "localhost:8080"
2024/04/22 11:06:40 [notice] 1#1: signal 3 (SIGQUIT) received, shutting down
2024/04/22 11:06:40 [notice] 30#30: gracefully shutting down
2024/04/22 11:06:40 [notice] 32#32: gracefully shutting down
2024/04/22 11:06:40 [notice] 31#31: gracefully shutting down
2024/04/22 11:06:40 [notice] 31#31: exiting
2024/04/22 11:06:40 [notice] 34#34: gracefully shutting down
2024/04/22 11:06:40 [notice] 33#33: gracefully shutting down
2024/04/22 11:06:40 [notice] 36#36: gracefully shutting down
2024/04/22 11:06:40 [notice] 35#35: gracefully shutting down
2024/04/22 11:06:40 [notice] 37#37: gracefully shutting down
2024/04/22 11:06:40 [notice] 30#30: exiting
2024/04/22 11:06:40 [notice] 32#32: exiting
2024/04/22 11:06:40 [notice] 31#31: exit
2024/04/22 11:06:40 [notice] 34#34: exiting
2024/04/22 11:06:40 [notice] 33#33: exiting
2024/04/22 11:06:40 [notice] 36#36: exiting
2024/04/22 11:06:40 [notice] 35#35: exiting
2024/04/22 11:06:40 [notice] 37#37: exiting
2024/04/22 11:06:40 [notice] 30#30: exit
2024/04/22 11:06:40 [notice] 32#32: exit
2024/04/22 11:06:40 [notice] 34#34: exit
2024/04/22 11:06:40 [notice] 33#33: exit
2024/04/22 11:06:40 [notice] 36#36: exit
2024/04/22 11:06:40 [notice] 35#35: exit
2024/04/22 11:06:40 [notice] 37#37: exit
2024/04/22 11:06:40 [notice] 1#1: signal 17 (SIGCHLD) received from 37
2024/04/22 11:06:40 [notice] 1#1: worker process 33 exited with code 0
2024/04/22 11:06:40 [notice] 1#1: worker process 37 exited with code 0
2024/04/22 11:06:40 [notice] 1#1: signal 29 (SIGIO) received
2024/04/22 11:06:40 [notice] 1#1: signal 17 (SIGCHLD) received from 34
2024/04/22 11:06:40 [notice] 1#1: worker process 34 exited with code 0
2024/04/22 11:06:40 [notice] 1#1: signal 29 (SIGIO) received
2024/04/22 11:06:40 [notice] 1#1: signal 17 (SIGCHLD) received from 31
2024/04/22 11:06:40 [notice] 1#1: worker process 31 exited with code 0
2024/04/22 11:06:40 [notice] 1#1: worker process 32 exited with code 0
2024/04/22 11:06:40 [notice] 1#1: signal 29 (SIGIO) received
2024/04/22 11:06:40 [notice] 1#1: signal 17 (SIGCHLD) received from 32
2024/04/22 11:06:40 [notice] 1#1: signal 17 (SIGCHLD) received from 36
2024/04/22 11:06:40 [notice] 1#1: worker process 30 exited with code 0
2024/04/22 11:06:40 [notice] 1#1: worker process 36 exited with code 0
2024/04/22 11:06:40 [notice] 1#1: signal 29 (SIGIO) received
2024/04/22 11:06:40 [notice] 1#1: signal 17 (SIGCHLD) received from 35
2024/04/22 11:06:40 [notice] 1#1: worker process 35 exited with code 0
2024/04/22 11:06:40 [notice] 1#1: exit
2024/04/22 11:06:51 [notice] 1#1: using the "epoll" event method
2024/04/22 11:06:51 [notice] 1#1: nginx/1.25.5
2024/04/22 11:06:51 [notice] 1#1: built by gcc 13.2.1 20231014 (Alpine 13.2.1_git20231014) 
2024/04/22 11:06:51 [notice] 1#1: OS: Linux 5.15.146.1-microsoft-standard-WSL2
2024/04/22 11:06:51 [notice] 1#1: getrlimit(RLIMIT_NOFILE): 1048576:1048576
2024/04/22 11:06:51 [notice] 1#1: start worker processes
2024/04/22 11:06:51 [notice] 1#1: start worker process 29
2024/04/22 11:06:51 [notice] 1#1: start worker process 30
2024/04/22 11:06:51 [notice] 1#1: start worker process 31
2024/04/22 11:06:51 [notice] 1#1: start worker process 32
2024/04/22 11:06:51 [notice] 1#1: start worker process 33
2024/04/22 11:06:51 [notice] 1#1: start worker process 34
2024/04/22 11:06:51 [notice] 1#1: start worker process 35
2024/04/22 11:06:51 [notice] 1#1: start worker process 36
2024/04/22 11:11:36 [notice] 1#1: signal 3 (SIGQUIT) received, shutting down
2024/04/22 11:11:36 [notice] 29#29: gracefully shutting down
2024/04/22 11:11:36 [notice] 31#31: gracefully shutting down
2024/04/22 11:11:36 [notice] 32#32: gracefully shutting down
2024/04/22 11:11:36 [notice] 33#33: gracefully shutting down
2024/04/22 11:11:36 [notice] 30#30: gracefully shutting down
2024/04/22 11:11:36 [notice] 34#34: gracefully shutting down
2024/04/22 11:11:36 [notice] 36#36: gracefully shutting down
2024/04/22 11:11:36 [notice] 35#35: gracefully shutting down
2024/04/22 11:11:36 [notice] 29#29: exiting
2024/04/22 11:11:36 [notice] 31#31: exiting
2024/04/22 11:11:36 [notice] 32#32: exiting
2024/04/22 11:11:36 [notice] 33#33: exiting
2024/04/22 11:11:36 [notice] 30#30: exiting
2024/04/22 11:11:36 [notice] 34#34: exiting
2024/04/22 11:11:36 [notice] 36#36: exiting
2024/04/22 11:11:36 [notice] 35#35: exiting
2024/04/22 11:11:36 [notice] 29#29: exit
2024/04/22 11:11:36 [notice] 31#31: exit
2024/04/22 11:11:36 [notice] 32#32: exit
2024/04/22 11:11:36 [notice] 33#33: exit
2024/04/22 11:11:36 [notice] 30#30: exit
2024/04/22 11:11:36 [notice] 34#34: exit
2024/04/22 11:11:36 [notice] 36#36: exit
2024/04/22 11:11:36 [notice] 35#35: exit
2024/04/22 11:11:36 [notice] 1#1: signal 17 (SIGCHLD) received from 29
2024/04/22 11:11:36 [notice] 1#1: worker process 29 exited with code 0
2024/04/22 11:11:36 [notice] 1#1: worker process 31 exited with code 0
2024/04/22 11:11:36 [notice] 1#1: worker process 33 exited with code 0
2024/04/22 11:11:36 [notice] 1#1: signal 29 (SIGIO) received
2024/04/22 11:11:36 [notice] 1#1: signal 17 (SIGCHLD) received from 32
2024/04/22 11:11:36 [notice] 1#1: worker process 30 exited with code 0
2024/04/22 11:11:36 [notice] 1#1: worker process 32 exited with code 0
2024/04/22 11:11:36 [notice] 1#1: signal 29 (SIGIO) received
2024/04/22 11:11:36 [notice] 1#1: signal 17 (SIGCHLD) received from 36
2024/04/22 11:11:36 [notice] 1#1: worker process 36 exited with code 0
2024/04/22 11:11:36 [notice] 1#1: signal 29 (SIGIO) received
2024/04/22 11:11:36 [notice] 1#1: signal 17 (SIGCHLD) received from 34
2024/04/22 11:11:36 [notice] 1#1: worker process 34 exited with code 0
2024/04/22 11:11:36 [notice] 1#1: signal 29 (SIGIO) received
2024/04/22 11:11:36 [notice] 1#1: signal 17 (SIGCHLD) received from 35
2024/04/22 11:11:36 [notice] 1#1: worker process 35 exited with code 0
2024/04/22 11:11:36 [notice] 1#1: exit
2024/04/22 11:17:18 [notice] 1#1: using the "epoll" event method
2024/04/22 11:17:18 [notice] 1#1: nginx/1.25.5
2024/04/22 11:17:18 [notice] 1#1: built by gcc 13.2.1 20231014 (Alpine 13.2.1_git20231014) 
2024/04/22 11:17:18 [notice] 1#1: OS: Linux 5.15.146.1-microsoft-standard-WSL2
2024/04/22 11:17:18 [notice] 1#1: getrlimit(RLIMIT_NOFILE): 1048576:1048576
2024/04/22 11:17:18 [notice] 1#1: start worker processes
2024/04/22 11:17:18 [notice] 1#1: start worker process 29
2024/04/22 11:17:18 [notice] 1#1: start worker process 30
2024/04/22 11:17:18 [notice] 1#1: start worker process 31
2024/04/22 11:17:18 [notice] 1#1: start worker process 32
2024/04/22 11:17:18 [notice] 1#1: start worker process 33
2024/04/22 11:17:18 [notice] 1#1: start worker process 34
2024/04/22 11:17:18 [notice] 1#1: start worker process 35
2024/04/22 11:17:18 [notice] 1#1: start worker process 36
2024/04/22 11:21:59 [notice] 1#1: signal 3 (SIGQUIT) received, shutting down
2024/04/22 11:21:59 [notice] 32#32: gracefully shutting down
2024/04/22 11:21:59 [notice] 31#31: gracefully shutting down
2024/04/22 11:21:59 [notice] 29#29: gracefully shutting down
2024/04/22 11:21:59 [notice] 30#30: gracefully shutting down
2024/04/22 11:21:59 [notice] 30#30: exiting
2024/04/22 11:21:59 [notice] 35#35: gracefully shutting down
2024/04/22 11:21:59 [notice] 33#33: gracefully shutting down
2024/04/22 11:21:59 [notice] 36#36: gracefully shutting down
2024/04/22 11:21:59 [notice] 34#34: gracefully shutting down
2024/04/22 11:21:59 [notice] 32#32: exiting
2024/04/22 11:21:59 [notice] 31#31: exiting
2024/04/22 11:21:59 [notice] 29#29: exiting
2024/04/22 11:21:59 [notice] 30#30: exit
2024/04/22 11:21:59 [notice] 35#35: exiting
2024/04/22 11:21:59 [notice] 33#33: exiting
2024/04/22 11:21:59 [notice] 36#36: exiting
2024/04/22 11:21:59 [notice] 34#34: exiting
2024/04/22 11:21:59 [notice] 32#32: exit
2024/04/22 11:21:59 [notice] 31#31: exit
2024/04/22 11:21:59 [notice] 29#29: exit
2024/04/22 11:21:59 [notice] 35#35: exit
2024/04/22 11:21:59 [notice] 33#33: exit
2024/04/22 11:21:59 [notice] 36#36: exit
2024/04/22 11:21:59 [notice] 34#34: exit
2024/04/22 11:21:59 [notice] 1#1: signal 17 (SIGCHLD) received from 32
2024/04/22 11:21:59 [notice] 1#1: worker process 32 exited with code 0
2024/04/22 11:21:59 [notice] 1#1: worker process 33 exited with code 0
2024/04/22 11:21:59 [notice] 1#1: signal 29 (SIGIO) received
2024/04/22 11:21:59 [notice] 1#1: signal 17 (SIGCHLD) received from 30
2024/04/22 11:21:59 [notice] 1#1: worker process 30 exited with code 0
2024/04/22 11:21:59 [notice] 1#1: worker process 31 exited with code 0
2024/04/22 11:21:59 [notice] 1#1: signal 29 (SIGIO) received
2024/04/22 11:21:59 [notice] 1#1: signal 17 (SIGCHLD) received from 31
2024/04/22 11:21:59 [notice] 1#1: signal 17 (SIGCHLD) received from 34
2024/04/22 11:21:59 [notice] 1#1: worker process 29 exited with code 0
2024/04/22 11:21:59 [notice] 1#1: worker process 34 exited with code 0
2024/04/22 11:21:59 [notice] 1#1: signal 29 (SIGIO) received
2024/04/22 11:21:59 [notice] 1#1: signal 17 (SIGCHLD) received from 36
2024/04/22 11:21:59 [notice] 1#1: worker process 35 exited with code 0
2024/04/22 11:21:59 [notice] 1#1: worker process 36 exited with code 0
2024/04/22 11:21:59 [notice] 1#1: exit
2024/04/22 11:24:59 [notice] 1#1: using the "epoll" event method
2024/04/22 11:24:59 [notice] 1#1: nginx/1.25.5
2024/04/22 11:24:59 [notice] 1#1: built by gcc 13.2.1 20231014 (Alpine 13.2.1_git20231014) 
2024/04/22 11:24:59 [notice] 1#1: OS: Linux 5.15.146.1-microsoft-standard-WSL2
2024/04/22 11:24:59 [notice] 1#1: getrlimit(RLIMIT_NOFILE): 1048576:1048576
2024/04/22 11:24:59 [notice] 1#1: start worker processes
2024/04/22 11:24:59 [notice] 1#1: start worker process 29
2024/04/22 11:24:59 [notice] 1#1: start worker process 30
2024/04/22 11:24:59 [notice] 1#1: start worker process 31
2024/04/22 11:24:59 [notice] 1#1: start worker process 32
2024/04/22 11:24:59 [notice] 1#1: start worker process 33
2024/04/22 11:24:59 [notice] 1#1: start worker process 34
2024/04/22 11:24:59 [notice] 1#1: start worker process 35
2024/04/22 11:24:59 [notice] 1#1: start worker process 36
2024/04/22 11:25:00 [error] 29#29: *1 directory index of "/var/www/html/" is forbidden, client: 172.23.0.1, server: , request: "GET / HTTP/1.1", host: "localhost:8080"
2024/04/22 11:25:03 [error] 29#29: *1 directory index of "/var/www/html/" is forbidden, client: 172.23.0.1, server: , request: "GET / HTTP/1.1", host: "localhost:8080"
2024/04/22 11:25:05 [error] 29#29: *1 directory index of "/var/www/html/" is forbidden, client: 172.23.0.1, server: , request: "GET / HTTP/1.1", host: "localhost:8080"
2024/04/22 11:25:25 [error] 29#29: *1 directory index of "/var/www/html/" is forbidden, client: 172.23.0.1, server: , request: "GET / HTTP/1.1", host: "localhost:8080"
2024/04/22 11:25:30 [notice] 1#1: signal 3 (SIGQUIT) received, shutting down
2024/04/22 11:25:30 [notice] 30#30: gracefully shutting down
2024/04/22 11:25:30 [notice] 34#34: gracefully shutting down
2024/04/22 11:25:30 [notice] 29#29: gracefully shutting down
2024/04/22 11:25:30 [notice] 32#32: gracefully shutting down
2024/04/22 11:25:30 [notice] 35#35: gracefully shutting down
2024/04/22 11:25:30 [notice] 33#33: gracefully shutting down
2024/04/22 11:25:30 [notice] 36#36: gracefully shutting down
2024/04/22 11:25:30 [notice] 31#31: gracefully shutting down
2024/04/22 11:25:30 [notice] 34#34: exiting
2024/04/22 11:25:30 [notice] 29#29: exiting
2024/04/22 11:25:30 [notice] 32#32: exiting
2024/04/22 11:25:30 [notice] 35#35: exiting
2024/04/22 11:25:30 [notice] 33#33: exiting
2024/04/22 11:25:30 [notice] 36#36: exiting
2024/04/22 11:25:30 [notice] 31#31: exiting
2024/04/22 11:25:30 [notice] 34#34: exit
2024/04/22 11:25:30 [notice] 29#29: exit
2024/04/22 11:25:30 [notice] 32#32: exit
2024/04/22 11:25:30 [notice] 35#35: exit
2024/04/22 11:25:30 [notice] 33#33: exit
2024/04/22 11:25:30 [notice] 36#36: exit
2024/04/22 11:25:30 [notice] 31#31: exit
2024/04/22 11:25:30 [notice] 1#1: signal 17 (SIGCHLD) received from 32
2024/04/22 11:25:30 [notice] 1#1: worker process 32 exited with code 0
2024/04/22 11:25:30 [notice] 1#1: worker process 33 exited with code 0
2024/04/22 11:25:30 [notice] 1#1: signal 29 (SIGIO) received
2024/04/22 11:25:30 [notice] 1#1: signal 17 (SIGCHLD) received from 35
2024/04/22 11:25:30 [notice] 1#1: worker process 31 exited with code 0
2024/04/22 11:25:30 [notice] 1#1: worker process 35 exited with code 0
2024/04/22 11:25:30 [notice] 1#1: signal 29 (SIGIO) received
2024/04/22 11:25:30 [notice] 1#1: signal 17 (SIGCHLD) received from 31
2024/04/22 11:25:30 [notice] 1#1: signal 17 (SIGCHLD) received from 36
2024/04/22 11:25:30 [notice] 1#1: worker process 29 exited with code 0
2024/04/22 11:25:30 [notice] 1#1: worker process 34 exited with code 0
2024/04/22 11:25:30 [notice] 1#1: worker process 36 exited with code 0
2024/04/22 11:25:30 [notice] 1#1: signal 29 (SIGIO) received
2024/04/22 11:25:30 [notice] 1#1: signal 17 (SIGCHLD) received from 29
2024/04/22 11:25:51 [notice] 1#1: using the "epoll" event method
2024/04/22 11:25:51 [notice] 1#1: nginx/1.25.5
2024/04/22 11:25:51 [notice] 1#1: built by gcc 13.2.1 20231014 (Alpine 13.2.1_git20231014) 
2024/04/22 11:25:51 [notice] 1#1: OS: Linux 5.15.146.1-microsoft-standard-WSL2
2024/04/22 11:25:51 [notice] 1#1: getrlimit(RLIMIT_NOFILE): 1048576:1048576
2024/04/22 11:25:51 [notice] 1#1: start worker processes
2024/04/22 11:25:51 [notice] 1#1: start worker process 29
2024/04/22 11:25:51 [notice] 1#1: start worker process 30
2024/04/22 11:25:51 [notice] 1#1: start worker process 31
2024/04/22 11:25:51 [notice] 1#1: start worker process 32
2024/04/22 11:25:51 [notice] 1#1: start worker process 33
2024/04/22 11:25:51 [notice] 1#1: start worker process 34
2024/04/22 11:25:51 [notice] 1#1: start worker process 35
2024/04/22 11:25:51 [notice] 1#1: start worker process 36
2024/04/22 11:26:02 [error] 29#29: *1 directory index of "/var/www/html/" is forbidden, client: 172.23.0.1, server: , request: "GET / HTTP/1.1", host: "localhost:8080"
2024/04/22 11:26:18 [error] 29#29: *1 directory index of "/var/www/html/" is forbidden, client: 172.23.0.1, server: , request: "GET / HTTP/1.1", host: "localhost:8080"
2024/04/22 11:26:20 [error] 29#29: *1 directory index of "/var/www/html/" is forbidden, client: 172.23.0.1, server: , request: "GET / HTTP/1.1", host: "localhost:8080"
2024/04/22 11:26:21 [error] 29#29: *1 directory index of "/var/www/html/" is forbidden, client: 172.23.0.1, server: , request: "GET / HTTP/1.1", host: "localhost:8080"
2024/04/22 11:27:09 [error] 29#29: *1 directory index of "/var/www/html/" is forbidden, client: 172.23.0.1, server: , request: "GET / HTTP/1.1", host: "localhost:8080"
2024/04/22 11:28:57 [notice] 1#1: signal 3 (SIGQUIT) received, shutting down
2024/04/22 11:28:57 [notice] 29#29: gracefully shutting down
2024/04/22 11:28:57 [notice] 29#29: exiting
2024/04/22 11:28:57 [notice] 31#31: gracefully shutting down
2024/04/22 11:28:57 [notice] 31#31: exiting
2024/04/22 11:28:57 [notice] 30#30: gracefully shutting down
2024/04/22 11:28:57 [notice] 35#35: gracefully shutting down
2024/04/22 11:28:57 [notice] 34#34: gracefully shutting down
2024/04/22 11:28:57 [notice] 34#34: exiting
2024/04/22 11:28:57 [notice] 33#33: gracefully shutting down
2024/04/22 11:28:57 [notice] 32#32: gracefully shutting down
2024/04/22 11:28:57 [notice] 36#36: gracefully shutting down
2024/04/22 11:28:57 [notice] 29#29: exit
2024/04/22 11:28:57 [notice] 31#31: exit
2024/04/22 11:28:57 [notice] 30#30: exiting
2024/04/22 11:28:57 [notice] 35#35: exiting
2024/04/22 11:28:57 [notice] 30#30: exit
2024/04/22 11:28:57 [notice] 34#34: exit
2024/04/22 11:28:57 [notice] 33#33: exiting
2024/04/22 11:28:57 [notice] 32#32: exiting
2024/04/22 11:28:57 [notice] 36#36: exiting
2024/04/22 11:28:57 [notice] 35#35: exit
2024/04/22 11:28:57 [notice] 33#33: exit
2024/04/22 11:28:57 [notice] 32#32: exit
2024/04/22 11:28:57 [notice] 36#36: exit
2024/04/22 11:28:57 [notice] 1#1: signal 17 (SIGCHLD) received from 31
2024/04/22 11:28:57 [notice] 1#1: worker process 31 exited with code 0
2024/04/22 11:28:57 [notice] 1#1: signal 29 (SIGIO) received
2024/04/22 11:28:57 [notice] 1#1: signal 17 (SIGCHLD) received from 30
2024/04/22 11:28:57 [notice] 1#1: worker process 30 exited with code 0
2024/04/22 11:28:57 [notice] 1#1: signal 29 (SIGIO) received
2024/04/22 11:28:57 [notice] 1#1: signal 17 (SIGCHLD) received from 34
2024/04/22 11:28:57 [notice] 1#1: worker process 32 exited with code 0
2024/04/22 11:28:57 [notice] 1#1: worker process 34 exited with code 0
2024/04/22 11:28:57 [notice] 1#1: worker process 35 exited with code 0
2024/04/22 11:28:57 [notice] 1#1: signal 29 (SIGIO) received
2024/04/22 11:28:57 [notice] 1#1: signal 17 (SIGCHLD) received from 33
2024/04/22 11:28:57 [notice] 1#1: worker process 33 exited with code 0
2024/04/22 11:28:57 [notice] 1#1: signal 29 (SIGIO) received
2024/04/22 11:28:57 [notice] 1#1: signal 17 (SIGCHLD) received from 36
2024/04/22 11:28:57 [notice] 1#1: worker process 29 exited with code 0
2024/04/22 11:28:57 [notice] 1#1: worker process 36 exited with code 0
2024/04/22 11:28:57 [notice] 1#1: exit
2024/04/22 11:29:09 [notice] 1#1: using the "epoll" event method
2024/04/22 11:29:09 [notice] 1#1: nginx/1.25.5
2024/04/22 11:29:09 [notice] 1#1: built by gcc 13.2.1 20231014 (Alpine 13.2.1_git20231014) 
2024/04/22 11:29:09 [notice] 1#1: OS: Linux 5.15.146.1-microsoft-standard-WSL2
2024/04/22 11:29:09 [notice] 1#1: getrlimit(RLIMIT_NOFILE): 1048576:1048576
2024/04/22 11:29:09 [notice] 1#1: start worker processes
2024/04/22 11:29:09 [notice] 1#1: start worker process 29
2024/04/22 11:29:09 [notice] 1#1: start worker process 30
2024/04/22 11:29:09 [notice] 1#1: start worker process 31
2024/04/22 11:29:09 [notice] 1#1: start worker process 32
2024/04/22 11:29:09 [notice] 1#1: start worker process 33
2024/04/22 11:29:09 [notice] 1#1: start worker process 34
2024/04/22 11:29:09 [notice] 1#1: start worker process 35
2024/04/22 11:29:09 [notice] 1#1: start worker process 36
2024/04/22 11:29:14 [error] 29#29: *1 directory index of "/var/www/html/" is forbidden, client: 172.23.0.1, server: , request: "GET / HTTP/1.1", host: "localhost:8080"
2024/04/22 11:29:17 [error] 29#29: *1 directory index of "/var/www/html/" is forbidden, client: 172.23.0.1, server: , request: "GET / HTTP/1.1", host: "localhost:8080"
2024/04/22 11:29:18 [error] 29#29: *1 directory index of "/var/www/html/" is forbidden, client: 172.23.0.1, server: , request: "GET / HTTP/1.1", host: "localhost:8080"
2024/04/22 11:30:23 [notice] 1#1: signal 3 (SIGQUIT) received, shutting down
2024/04/22 11:30:23 [notice] 29#29: gracefully shutting down
2024/04/22 11:30:23 [notice] 30#30: gracefully shutting down
2024/04/22 11:30:23 [notice] 31#31: gracefully shutting down
2024/04/22 11:30:23 [notice] 32#32: gracefully shutting down
2024/04/22 11:30:23 [notice] 33#33: gracefully shutting down
2024/04/22 11:30:23 [notice] 35#35: gracefully shutting down
2024/04/22 11:30:23 [notice] 34#34: gracefully shutting down
2024/04/22 11:30:23 [notice] 34#34: exiting
2024/04/22 11:30:23 [notice] 36#36: gracefully shutting down
2024/04/22 11:30:23 [notice] 36#36: exiting
2024/04/22 11:30:23 [notice] 29#29: exiting
2024/04/22 11:30:23 [notice] 30#30: exiting
2024/04/22 11:30:23 [notice] 31#31: exiting
2024/04/22 11:30:23 [notice] 32#32: exiting
2024/04/22 11:30:23 [notice] 33#33: exiting
2024/04/22 11:30:23 [notice] 35#35: exiting
2024/04/22 11:30:23 [notice] 34#34: exit
2024/04/22 11:30:23 [notice] 36#36: exit
2024/04/22 11:30:23 [notice] 29#29: exit
2024/04/22 11:30:23 [notice] 30#30: exit
2024/04/22 11:30:23 [notice] 31#31: exit
2024/04/22 11:30:23 [notice] 32#32: exit
2024/04/22 11:30:23 [notice] 33#33: exit
2024/04/22 11:30:23 [notice] 35#35: exit
2024/04/22 11:30:23 [notice] 1#1: signal 17 (SIGCHLD) received from 31
2024/04/22 11:30:23 [notice] 1#1: worker process 31 exited with code 0
2024/04/22 11:30:23 [notice] 1#1: worker process 34 exited with code 0
2024/04/22 11:30:23 [notice] 1#1: signal 29 (SIGIO) received
2024/04/22 11:30:23 [notice] 1#1: signal 17 (SIGCHLD) received from 33
2024/04/22 11:30:23 [notice] 1#1: worker process 29 exited with code 0
2024/04/22 11:30:23 [notice] 1#1: worker process 30 exited with code 0
2024/04/22 11:30:23 [notice] 1#1: worker process 33 exited with code 0
2024/04/22 11:30:23 [notice] 1#1: signal 29 (SIGIO) received
2024/04/22 11:30:23 [notice] 1#1: signal 17 (SIGCHLD) received from 32
2024/04/22 11:30:23 [notice] 1#1: worker process 32 exited with code 0
2024/04/22 11:30:23 [notice] 1#1: worker process 35 exited with code 0
2024/04/22 11:30:23 [notice] 1#1: worker process 36 exited with code 0
2024/04/22 11:30:23 [notice] 1#1: exit
2024/04/22 11:33:19 [notice] 1#1: using the "epoll" event method
2024/04/22 11:33:19 [notice] 1#1: nginx/1.25.5
2024/04/22 11:33:19 [notice] 1#1: built by gcc 13.2.1 20231014 (Alpine 13.2.1_git20231014) 
2024/04/22 11:33:19 [notice] 1#1: OS: Linux 5.15.146.1-microsoft-standard-WSL2
2024/04/22 11:33:19 [notice] 1#1: getrlimit(RLIMIT_NOFILE): 1048576:1048576
2024/04/22 11:33:19 [notice] 1#1: start worker processes
2024/04/22 11:33:19 [notice] 1#1: start worker process 29
2024/04/22 11:33:19 [notice] 1#1: start worker process 30
2024/04/22 11:33:19 [notice] 1#1: start worker process 31
2024/04/22 11:33:19 [notice] 1#1: start worker process 32
2024/04/22 11:33:19 [notice] 1#1: start worker process 33
2024/04/22 11:33:19 [notice] 1#1: start worker process 34
2024/04/22 11:33:19 [notice] 1#1: start worker process 35
2024/04/22 11:33:19 [notice] 1#1: start worker process 36
2024/04/22 11:41:34 [notice] 1#1: signal 3 (SIGQUIT) received, shutting down
2024/04/22 11:41:34 [notice] 29#29: gracefully shutting down
2024/04/22 11:41:34 [notice] 31#31: gracefully shutting down
2024/04/22 11:41:34 [notice] 31#31: exiting
2024/04/22 11:41:34 [notice] 30#30: gracefully shutting down
2024/04/22 11:41:34 [notice] 34#34: gracefully shutting down
2024/04/22 11:41:34 [notice] 32#32: gracefully shutting down
2024/04/22 11:41:34 [notice] 33#33: gracefully shutting down
2024/04/22 11:41:34 [notice] 33#33: exiting
2024/04/22 11:41:34 [notice] 36#36: gracefully shutting down
2024/04/22 11:41:34 [notice] 36#36: exiting
2024/04/22 11:41:34 [notice] 35#35: gracefully shutting down
2024/04/22 11:41:34 [notice] 29#29: exiting
2024/04/22 11:41:34 [notice] 31#31: exit
2024/04/22 11:41:34 [notice] 30#30: exiting
2024/04/22 11:41:34 [notice] 34#34: exiting
2024/04/22 11:41:34 [notice] 32#32: exiting
2024/04/22 11:41:34 [notice] 33#33: exit
2024/04/22 11:41:34 [notice] 36#36: exit
2024/04/22 11:41:34 [notice] 35#35: exiting
2024/04/22 11:41:34 [notice] 29#29: exit
2024/04/22 11:41:34 [notice] 30#30: exit
2024/04/22 11:41:34 [notice] 34#34: exit
2024/04/22 11:41:34 [notice] 32#32: exit
2024/04/22 11:41:34 [notice] 35#35: exit
2024/04/22 11:41:34 [notice] 1#1: signal 17 (SIGCHLD) received from 35
2024/04/22 11:41:34 [notice] 1#1: worker process 29 exited with code 0
2024/04/22 11:41:34 [notice] 1#1: worker process 30 exited with code 0
2024/04/22 11:41:34 [notice] 1#1: worker process 34 exited with code 0
2024/04/22 11:41:34 [notice] 1#1: worker process 35 exited with code 0
2024/04/22 11:41:34 [notice] 1#1: worker process 36 exited with code 0
2024/04/22 11:41:34 [notice] 1#1: signal 29 (SIGIO) received
2024/04/22 11:41:34 [notice] 1#1: signal 17 (SIGCHLD) received from 31
2024/04/22 11:41:34 [notice] 1#1: worker process 31 exited with code 0
2024/04/22 11:41:34 [notice] 1#1: signal 29 (SIGIO) received
2024/04/22 11:41:34 [notice] 1#1: signal 17 (SIGCHLD) received from 33
2024/04/22 11:41:34 [notice] 1#1: worker process 33 exited with code 0
2024/04/22 11:41:34 [notice] 1#1: signal 29 (SIGIO) received
2024/04/22 11:41:34 [notice] 1#1: signal 17 (SIGCHLD) received from 32
2024/04/22 11:41:34 [notice] 1#1: worker process 32 exited with code 0
2024/04/22 11:41:34 [notice] 1#1: exit
